<?xml version="1.0" encoding="UTF-8"?>
<!-- Generated by org.testng.reporters.JUnitXMLReporter -->
<testsuite ignored="3" hostname="LAPTOP-G93O00BF" failures="0" tests="1" name="Default test" time="24.847" errors="0" timestamp="2022-08-30T11:09:56 IST">
  <testcase classname="Test.EdgeVCTCTest" name="radioButton" time="0.059"/>
  <testcase classname="Test.EdgeVCTCTest" name="enterCity" time="0.0">
    <ignored/>
  </testcase> <!-- enterCity -->
  <testcase classname="Test.EdgeVCTCTest" name="enterDate" time="0.0">
    <ignored/>
  </testcase> <!-- enterDate -->
  <testcase classname="Test.EdgeVCTCTest" name="dropDown" time="0.0">
    <ignored/>
  </testcase> <!-- dropDown -->
</testsuite> <!-- Default test -->
