<?xml version="1.0" encoding="UTF-8"?>
<!-- Generated by org.testng.reporters.JUnitXMLReporter -->
<testsuite ignored="6" hostname="LAPTOP-G93O00BF" failures="0" tests="2" name="Test" time="26.251" errors="0" timestamp="2022-08-30T11:28:33 IST">
  <testcase classname="Test.EdgeVCTCTest" name="radioButton" time="0.057"/>
  <testcase classname="Test.ChromeVCTCTest" name="radioButton" time="0.053"/>
  <testcase classname="Test.ChromeVCTCTest" name="enterCity" time="0.0">
    <ignored/>
  </testcase> <!-- enterCity -->
  <testcase classname="Test.ChromeVCTCTest" name="enterDate" time="0.0">
    <ignored/>
  </testcase> <!-- enterDate -->
  <testcase classname="Test.EdgeVCTCTest" name="dropDown" time="0.0">
    <ignored/>
  </testcase> <!-- dropDown -->
  <testcase classname="Test.EdgeVCTCTest" name="enterCity" time="0.0">
    <ignored/>
  </testcase> <!-- enterCity -->
  <testcase classname="Test.ChromeVCTCTest" name="dropDown" time="0.0">
    <ignored/>
  </testcase> <!-- dropDown -->
  <testcase classname="Test.EdgeVCTCTest" name="enterDate" time="0.0">
    <ignored/>
  </testcase> <!-- enterDate -->
</testsuite> <!-- Test -->
